<?xml version="1.0" encoding="UTF-8"?>
<!-- Generated by org.testng.reporters.JUnitXMLReporter -->
<testsuite hostname="apatty-laptop" name="Command line test" tests="3" failures="0" timestamp="16 Feb 2016 21:04:26 GMT" time="1.826" errors="0">
  <testcase name="deleteThing" time="0.492" classname="com.patomalo.app.AppTest"/>
  <testcase name="getThings" time="0.292" classname="com.patomalo.app.AppTest"/>
  <testcase name="putThings" time="1.027" classname="com.patomalo.app.AppTest"/>
</testsuite> <!-- Command line test -->
