<?xml version="1.0" encoding="UTF-8"?>
<!-- Generated by org.testng.reporters.JUnitXMLReporter -->
<testsuite hostname="apatty-laptop" name="Command line test" tests="5" failures="0" timestamp="16 Feb 2016 06:06:32 GMT" time="0.513" errors="0">
  <testcase name="getThings" time="0.494" classname="com.patomalo.app.AppTest"/>
  <testcase name="testCaseLoginTest" time="0.0" classname="com.patomalo.app.AppTest"/>
  <testcase name="testCasePasswordChange" time="0.0" classname="com.patomalo.app.AppTest"/>
  <testcase name="testCaseRegister" time="0.0" classname="com.patomalo.app.AppTest"/>
  <testcase name="upoladPic" time="0.0" classname="com.patomalo.app.AppTest"/>
</testsuite> <!-- Command line test -->
