<?xml version="1.0" encoding="UTF-8"?>
<testng-results skipped="0" failed="0" total="0" passed="0">
  <reporter-output>
  </reporter-output>
  <suite name="com.patomalo.app.AppTest" duration-ms="5" started-at="2016-02-15T21:38:17Z" finished-at="2016-02-15T21:38:17Z">
    <groups>
    </groups>
    <test name="Command line test" duration-ms="5" started-at="2016-02-15T21:38:17Z" finished-at="2016-02-15T21:38:17Z">
    </test> <!-- Command line test -->
  </suite> <!-- com.patomalo.app.AppTest -->
</testng-results>
